<?xml version="1.0" encoding="UTF-8" ?>
<testsuite tests="5" failures="0" name="jordan.szalontai.unicrush.LevelManagerTest" time="0.342" errors="0" skipped="0">
  <properties>
[...]
</properties>
  <testcase classname="jordan.szalontai.unicrush.LevelManagerTest" name="testProcessLevelWithState" time="0.183"/>
  <testcase classname="jordan.szalontai.unicrush.LevelManagerTest" name="testProcessLevel" time="0.066"/>
  <testcase classname="jordan.szalontai.unicrush.LevelManagerTest" name="testApplyGravity" time="0.041"/>
  <testcase classname="jordan.szalontai.unicrush.LevelManagerTest" name="testPopAllMarked" time="0.018"/>
  <testcase classname="jordan.szalontai.unicrush.LevelManagerTest" name="testResetLevel" time="0.034"/>
</testsuite>